
Realiza el inicio de sesion de datos - Usuario: mikelGonz
Se busca en la lista de usuarios si exite - Usuario: mikelGonz
El usuario inicio sesion - Usuario: mikelGonz
Registro de movimientos del usuario - Usuario: mikelGonz
---------------- - Usuario: mikelGonz
Entra en el menu dedicado a los clientes - Usuario: mikelGonz
Selecciona la opcion de realizar una reserva - Usuario: mikelGonz
Introduce una fecha erronea - Usuario: mikelGonz
Entra en el menu dedicado a los clientes - Usuario: mikelGonz
Selecciona la opcion de realizar una reserva - Usuario: mikelGonz
Rellena los datos de la reserva correctamente - Usuario: mikelGonz
Se le muestran las habiatciones disponibles de acuerdo con su fecha introducida - Usuario: mikelGonz
Hay habitaciones disponibles - Usuario: mikelGonz
Escoge una habitacion - Usuario: mikelGonz
No realiza la reserva de esa habitacion - Usuario: mikelGonz
Entra en el menu dedicado a los clientes - Usuario: mikelGonz
Selecciona la opcion de realizar una reserva - Usuario: mikelGonz
Introduce una fecha erronea - Usuario: mikelGonz
Entra en el menu dedicado a los clientes - Usuario: mikelGonz
Selecciona la opcion de realizar una reserva - Usuario: mikelGonz
Rellena los datos de la reserva correctamente - Usuario: mikelGonz
Se le muestran las habiatciones disponibles de acuerdo con su fecha introducida - Usuario: mikelGonz
Hay habitaciones disponibles - Usuario: mikelGonz
Escoge una habitacion - Usuario: mikelGonz
Realiza la reserva de esa habitacion - Usuario: mikelGonz
Entra en el menu dedicado a los clientes - Usuario: mikelGonz
Selecciona la opcion de modificar uan reserva - Usuario: mikelGonz
Se empieza con la modificacion de la reserva - Usuario: mikelGonz
El usuario ha introducido el numero y fecha de la reserva antigua - Usuario: mikelGonz
Se modifica la fecha - Usuario: mikelGonz
Introduce una fecha erronea - Usuario: mikelGonz
Selecciona la opcion de modificar uan reserva - Usuario: mikelGonz
Sale de la modificacion de la reserva - Usuario: mikelGonz
Entra en el menu dedicado a los clientes - Usuario: mikelGonz
Selecciona la opcion de salir - Usuario: mikelGonz
Se termina el programa - Usuario: mikelGonz
------------------------------------------------- - Usuario: mikelGonz
